  Moc'ing mythreads.h...
  moc_mainwindow.cpp
  moc_matlabhelper.cpp
  moc_mypaintusb.cpp
  moc_myshowwidget.cpp
  moc_mythreads.cpp
  moc_tdlasdialog.cpp
  main.cpp
  mainwindow.cpp
mainwindow.cpp(79): warning C4100: “event”: 未引用的形参
mainwindow.cpp(102): warning C4018: “<”: 有符号/无符号不匹配
mainwindow.cpp(395): warning C4100: “arg”: 未引用的形参
mainwindow.cpp(494): warning C4156: 未使用数组形式的“delete”删除数组表达式；数组形式被替代
mainwindow.cpp(494): warning C4154: 删除数组表达式；转换到提供的指针
mainwindow.cpp(717): warning C4100: “current”: 未引用的形参
  matlabhelper.cpp
  mypaintusb.cpp
  myshowwidget.cpp
myshowwidget.cpp(6): warning C4100: “parent”: 未引用的形参
  mythreads.cpp
mythreads.cpp(127): warning C4100: “bufferlong”: 未引用的形参
mythreads.cpp(127): warning C4100: “buffer”: 未引用的形参
  tdlasdialog.cpp
tdlasdialog.cpp : warning C4819: 该文件包含不能在当前代码页(936)中表示的字符。请将该文件保存为 Unicode 格式以防止数据丢失
tdlasdialog.cpp(296): warning C4189: “times”: 局部变量已初始化但不引用
tdlasdialog.cpp(292): warning C4189: “fw_ratio”: 局部变量已初始化但不引用
tdlasdialog.cpp(299): warning C4189: “num”: 局部变量已初始化但不引用
tdlasdialog.cpp(295): warning C4189: “sw_amplitude”: 局部变量已初始化但不引用
  正在生成代码...
  untitled1.vcxproj -> C:\Users\B713_John\Documents\untitled1\release\untitled1.exe
  untitled1.vcxproj -> release\untitled1.pdb (Full PDB)
